<?xml version="1.0" encoding="UTF-8"?>
<testsuite name="tracker.SampleTest" tests="1" skipped="0" failures="0" errors="0" timestamp="2023-01-09T17:31:05" hostname="daniels-macbook-pro-2.home" time="0.002">
  <properties/>
  <testcase name="test()" classname="tracker.SampleTest" time="0.002"/>
  <system-out><![CDATA[]]></system-out>
  <system-err><![CDATA[]]></system-err>
</testsuite>
